<?xml version="1.0" encoding="UTF-8"?>
<!-- Generated by org.testng.reporters.JUnitXMLReporter -->
<testsuite ignored="0" hostname="LAPTOP-GAUPM6CM" failures="0" tests="4" name="Default test" time="0.077" errors="0" timestamp="2025-08-29T20:53:32 IST">
  <testcase classname="testng.AdactinHotelApp2" name="registrationTest" time="0.004"/>
  <testcase classname="testng.AdactinHotelApp2" name="loginTest" time="0.004"/>
  <testcase classname="testng.AdactinHotelApp2" name="forgotPasswordTest" time="0.001"/>
  <testcase classname="testng.AdactinHotelApp2" name="changePasswordTest" time="0.002"/>
</testsuite> <!-- Default test -->
