<?xml version="1.0" encoding="UTF-8"?>
<!-- Generated by org.testng.reporters.JUnitXMLReporter -->
<testsuite ignored="0" hostname="LAPTOP-GAUPM6CM" failures="1" tests="4" name="Test" time="0.082" errors="0" timestamp="2025-09-01T21:36:14 IST">
  <testcase classname="testng.AdactinHotelApp" name="registrationTest" time="0.007"/>
  <testcase classname="testng.AdactinHotelApp" name="loginTest" time="0.011">
    <failure type="java.lang.AssertionError" message="expected [true] but found [false]">
      <![CDATA[java.lang.AssertionError: expected [true] but found [false]
at testng.AdactinHotelApp.loginTest(AdactinHotelApp.java:22)
at java.base/java.util.ArrayList.forEach(ArrayList.java:1511)
... Removed 31 stack frames]]>
    </failure>
  </testcase> <!-- loginTest -->
  <testcase classname="testng.AdactinHotelApp" name="forgotPasswordTest" time="0.0"/>
  <testcase classname="testng.AdactinHotelApp" name="changePasswordTest" time="0.0">
    <skipped/>
  </testcase> <!-- changePasswordTest -->
</testsuite> <!-- Test -->
