<?xml version="1.0" encoding="UTF-8"?>
<testng-results ignored="0" total="1" passed="1" failed="0" skipped="0">
  <reporter-output>
  </reporter-output>
  <suite started-at="2025-09-04T21:12:06 IST" name="Default suite" finished-at="2025-09-04T21:12:36 IST" duration-ms="29987">
    <groups>
    </groups>
    <test started-at="2025-09-04T21:12:06 IST" name="Default test" finished-at="2025-09-04T21:12:36 IST" duration-ms="29987">
      <class name="handlings.MultipleWindowHandle3">
        <test-method is-config="true" signature="setUp()[pri:0, instance:handlings.MultipleWindowHandle3@5b218417]" started-at="2025-09-04T21:12:06 IST" name="setUp" finished-at="2025-09-04T21:12:11 IST" duration-ms="4348" status="PASS">
          <reporter-output>
          </reporter-output>
        </test-method> <!-- setUp -->
        <test-method signature="multipeWindowHandleTest()[pri:0, instance:handlings.MultipleWindowHandle3@5b218417]" started-at="2025-09-04T21:12:11 IST" name="multipeWindowHandleTest" finished-at="2025-09-04T21:12:31 IST" duration-ms="20088" status="PASS">
          <reporter-output>
          </reporter-output>
        </test-method> <!-- multipeWindowHandleTest -->
        <test-method is-config="true" signature="teardown()[pri:0, instance:handlings.MultipleWindowHandle3@5b218417]" started-at="2025-09-04T21:12:31 IST" name="teardown" finished-at="2025-09-04T21:12:36 IST" duration-ms="5504" status="PASS">
          <reporter-output>
          </reporter-output>
        </test-method> <!-- teardown -->
      </class> <!-- handlings.MultipleWindowHandle3 -->
    </test> <!-- Default test -->
  </suite> <!-- Default suite -->
</testng-results>
